{"name": "Проверка позитивного сценария оформления заказа", "status": "skipped", "statusDetails": {"message": "XFAIL reason: На текущем стенде кнопка \"Да\" не работает, элемент \"Посмотреть статус\" не появляется\n\n_pytest.outcomes.XFailed: На текущем стенде кнопка \"Да\" не работает, элемент \"Посмотреть статус\" не появляется", "trace": "self = <tests.test_order_page.TestOrderPageOrder object at 0x0000018BE8DD27E0>\ndriver = <selenium.webdriver.chrome.webdriver.WebDriver (session=\"7361e0ec63f1a39e1e11ec08e23cf4a6\")>\nbutton = ('xpath', '//div[contains(@class, \"Home_FinishButton\")]/button')\ntest_data = ['Леонид', 'Разработчик', 'Айтишников 10', 'Пушкинская', '89104512716', '31.12.2025', ...]\n\n    @allure.title('Проверка позитивного сценария оформления заказа')\n    @allure.description('Сквозное тестирование функциональности оформления заказа из двух точек входа')\n    @pytest.mark.parametrize('button, test_data', [(MainPageLocators.order_button_in_header, TestData.test_data_user1),\n                                                   (MainPageLocators.order_button_in_main, TestData.test_data_user2)])\n    def test_order_all_fields_success(self, driver, button, test_data):\n        order_page = OrderPage(driver)\n        order_page.scroll_to_element(button)\n        order_page.wait_visibility_of_element(button)\n        order_page.click_on_element(button)\n        order_page.data_entry_first_form(test_data)\n        order_page.data_entry_second_form(test_data)\n        try:\n>           assert order_page.check_displaying_of_button_check_status_of_order()\n\ntests\\test_order_page.py:22: \n_ _ _ _ _ _ _ _ _ _ _ _ _ _ _ _ _ _ _ _ _ _ _ _ _ _ _ _ _ _ _ _ _ _ _ _ _ _ _ _ _ _ _ _ _ _ _ _ _ _ _ _ _ _ _ _ _ _ _ _ _ _ _ _ _ _ _ _ _ _ _ _ _ _ _ _ _ _ _ _ _ _ _ _ _ _\npages\\order_page.py:52: in check_displaying_of_button_check_status_of_order\n    return self.check_displaying_of_element(OrderPageLocators.button_check_status_of_order)\npages\\base_page.py:44: in check_displaying_of_element\n    return self.driver.find_element(*locator).is_displayed()\n.venv\\Lib\\site-packages\\selenium\\webdriver\\remote\\webdriver.py:917: in find_element\n    return self.execute(Command.FIND_ELEMENT, {\"using\": by, \"value\": value})[\"value\"]\n.venv\\Lib\\site-packages\\selenium\\webdriver\\remote\\webdriver.py:448: in execute\n    self.error_handler.check_response(response)\n_ _ _ _ _ _ _ _ _ _ _ _ _ _ _ _ _ _ _ _ _ _ _ _ _ _ _ _ _ _ _ _ _ _ _ _ _ _ _ _ _ _ _ _ _ _ _ _ _ _ _ _ _ _ _ _ _ _ _ _ _ _ _ _ _ _ _ _ _ _ _ _ _ _ _ _ _ _ _ _ _ _ _ _ _ _\n\nself = <selenium.webdriver.remote.errorhandler.ErrorHandler object at 0x0000018BE8D76E40>\nresponse = {'status': 404, 'value': '{\"value\":{\"error\":\"no such element\",\"message\":\"no such element: Unable to locate element: {\\...47238A79+5401]\\\\n\\\\tBaseThreadInitThunk [0x00007FFE232C7374+20]\\\\n\\\\tRtlUserThreadStart [0x00007FFE2429CC91+33]\\\\n\"}}'}\n\n    def check_response(self, response: Dict[str, Any]) -> None:\n        \"\"\"Checks that a JSON response from the WebDriver does not have an\n        error.\n    \n        :Args:\n         - response - The JSON response from the WebDriver server as a dictionary\n           object.\n    \n        :Raises: If the response contains an error message.\n        \"\"\"\n        status = response.get(\"status\", None)\n        if not status or status == ErrorCode.SUCCESS:\n            return\n        value = None\n        message = response.get(\"message\", \"\")\n        screen: str = response.get(\"screen\", \"\")\n        stacktrace = None\n        if isinstance(status, int):\n            value_json = response.get(\"value\", None)\n            if value_json and isinstance(value_json, str):\n                import json\n    \n                try:\n                    value = json.loads(value_json)\n                    if len(value) == 1:\n                        value = value[\"value\"]\n                    status = value.get(\"error\", None)\n                    if not status:\n                        status = value.get(\"status\", ErrorCode.UNKNOWN_ERROR)\n                        message = value.get(\"value\") or value.get(\"message\")\n                        if not isinstance(message, str):\n                            value = message\n                            message = message.get(\"message\")\n                    else:\n                        message = value.get(\"message\", None)\n                except ValueError:\n                    pass\n    \n        exception_class: Type[WebDriverException]\n        e = ErrorCode()\n        error_codes = [item for item in dir(e) if not item.startswith(\"__\")]\n        for error_code in error_codes:\n            error_info = getattr(ErrorCode, error_code)\n            if isinstance(error_info, list) and status in error_info:\n                exception_class = getattr(ExceptionMapping, error_code, WebDriverException)\n                break\n        else:\n            exception_class = WebDriverException\n    \n        if not value:\n            value = response[\"value\"]\n        if isinstance(value, str):\n            raise exception_class(value)\n        if message == \"\" and \"message\" in value:\n            message = value[\"message\"]\n    \n        screen = None  # type: ignore[assignment]\n        if \"screen\" in value:\n            screen = value[\"screen\"]\n    \n        stacktrace = None\n        st_value = value.get(\"stackTrace\") or value.get(\"stacktrace\")\n        if st_value:\n            if isinstance(st_value, str):\n                stacktrace = st_value.split(\"\\n\")\n            else:\n                stacktrace = []\n                try:\n                    for frame in st_value:\n                        line = frame.get(\"lineNumber\", \"\")\n                        file = frame.get(\"fileName\", \"<anonymous>\")\n                        if line:\n                            file = f\"{file}:{line}\"\n                        meth = frame.get(\"methodName\", \"<anonymous>\")\n                        if \"className\" in frame:\n                            meth = f\"{frame['className']}.{meth}\"\n                        msg = \"    at %s (%s)\"\n                        msg = msg % (meth, file)\n                        stacktrace.append(msg)\n                except TypeError:\n                    pass\n        if exception_class == UnexpectedAlertPresentException:\n            alert_text = None\n            if \"data\" in value:\n                alert_text = value[\"data\"].get(\"text\")\n            elif \"alert\" in value:\n                alert_text = value[\"alert\"].get(\"text\")\n            raise exception_class(message, screen, stacktrace, alert_text)  # type: ignore[call-arg]  # mypy is not smart enough here\n>       raise exception_class(message, screen, stacktrace)\nE       selenium.common.exceptions.NoSuchElementException: Message: no such element: Unable to locate element: {\"method\":\"xpath\",\"selector\":\".//*[text()=\"Посмотреть статус\"]\"}\nE         (Session info: chrome=136.0.7103.116); For documentation on this error, please visit: https://www.selenium.dev/documentation/webdriver/troubleshooting/errors#no-such-element-exception\nE       Stacktrace:\nE       \tGetHandleVerifier [0x00007FF64724A145+76773]\nE       \tGetHandleVerifier [0x00007FF64724A1A0+76864]\nE       \t(No symbol) [0x00007FF647008F7A]\nE       \t(No symbol) [0x00007FF64705F496]\nE       \t(No symbol) [0x00007FF64705F74C]\nE       \t(No symbol) [0x00007FF6470B2287]\nE       \t(No symbol) [0x00007FF64708739F]\nE       \t(No symbol) [0x00007FF6470AF0CF]\nE       \t(No symbol) [0x00007FF647087133]\nE       \t(No symbol) [0x00007FF6470504D1]\nE       \t(No symbol) [0x00007FF647051263]\nE       \tGetHandleVerifier [0x00007FF64750A8ED+2962317]\nE       \tGetHandleVerifier [0x00007FF647504EC2+2939234]\nE       \tGetHandleVerifier [0x00007FF647522FF3+3062419]\nE       \tGetHandleVerifier [0x00007FF647264B9A+185914]\nE       \tGetHandleVerifier [0x00007FF64726C78F+217647]\nE       \tGetHandleVerifier [0x00007FF647252A44+111844]\nE       \tGetHandleVerifier [0x00007FF647252BF2+112274]\nE       \tGetHandleVerifier [0x00007FF647238A79+5401]\nE       \tBaseThreadInitThunk [0x00007FFE232C7374+20]\nE       \tRtlUserThreadStart [0x00007FFE2429CC91+33]\n\n.venv\\Lib\\site-packages\\selenium\\webdriver\\remote\\errorhandler.py:232: NoSuchElementException\n\nDuring handling of the above exception, another exception occurred:\n\nself = <tests.test_order_page.TestOrderPageOrder object at 0x0000018BE8DD27E0>\ndriver = <selenium.webdriver.chrome.webdriver.WebDriver (session=\"7361e0ec63f1a39e1e11ec08e23cf4a6\")>\nbutton = ('xpath', '//div[contains(@class, \"Home_FinishButton\")]/button')\ntest_data = ['Леонид', 'Разработчик', 'Айтишников 10', 'Пушкинская', '89104512716', '31.12.2025', ...]\n\n    @allure.title('Проверка позитивного сценария оформления заказа')\n    @allure.description('Сквозное тестирование функциональности оформления заказа из двух точек входа')\n    @pytest.mark.parametrize('button, test_data', [(MainPageLocators.order_button_in_header, TestData.test_data_user1),\n                                                   (MainPageLocators.order_button_in_main, TestData.test_data_user2)])\n    def test_order_all_fields_success(self, driver, button, test_data):\n        order_page = OrderPage(driver)\n        order_page.scroll_to_element(button)\n        order_page.wait_visibility_of_element(button)\n        order_page.click_on_element(button)\n        order_page.data_entry_first_form(test_data)\n        order_page.data_entry_second_form(test_data)\n        try:\n            assert order_page.check_displaying_of_button_check_status_of_order()\n        except NoSuchElementException:\n>           pytest.xfail('На текущем стенде кнопка \"Да\" не работает, элемент \"Посмотреть статус\" не появляется')\nE           _pytest.outcomes.XFailed: На текущем стенде кнопка \"Да\" не работает, элемент \"Посмотреть статус\" не появляется\n\ntests\\test_order_page.py:24: XFailed"}, "description": "Сквозное тестирование функциональности оформления заказа из двух точек входа", "steps": [{"name": "Скролл до элемента", "status": "passed", "parameters": [{"name": "locator", "value": "('xpath', '//div[contains(@class, \"Home_FinishButton\")]/button')"}], "start": 1748800960615, "stop": 1748800960623}, {"name": "Подождать прогрузки элемента", "status": "passed", "parameters": [{"name": "locator", "value": "('xpath', '//div[contains(@class, \"Home_FinishButton\")]/button')"}], "start": 1748800960623, "stop": 1748800960631}, {"name": "Кликнуть на элемент", "status": "passed", "parameters": [{"name": "locator", "value": "('xpath', '//div[contains(@class, \"Home_FinishButton\")]/button')"}], "start": 1748800960631, "stop": 1748800960661}, {"name": "Заполнение первой части формы и нажатие кнопки \"Далее\"", "status": "passed", "steps": [{"name": "Подождать прогрузки элемента", "status": "passed", "parameters": [{"name": "locator", "value": "('xpath', '//input[@placeholder=\"* Имя\"]')"}], "start": 1748800960661, "stop": 1748800960670}, {"name": "Кликнуть на элемент", "status": "passed", "parameters": [{"name": "locator", "value": "('xpath', '//input[@placeholder=\"* Имя\"]')"}], "start": 1748800960670, "stop": 1748800960694}, {"name": "Ввести значение в поле ввода", "status": "passed", "parameters": [{"name": "locator", "value": "('xpath', '//input[@placeholder=\"* Имя\"]')"}, {"name": "keys", "value": "'Леонид'"}], "start": 1748800960694, "stop": 1748800960713}, {"name": "Кликнуть на элемент", "status": "passed", "parameters": [{"name": "locator", "value": "('xpath', '//input[@placeholder=\"* Фамилия\"]')"}], "start": 1748800960713, "stop": 1748800960739}, {"name": "Ввести значение в поле ввода", "status": "passed", "parameters": [{"name": "locator", "value": "('xpath', '//input[@placeholder=\"* Фамилия\"]')"}, {"name": "keys", "value": "'Разработчик'"}], "start": 1748800960739, "stop": 1748800960760}, {"name": "Кликнуть на элемент", "status": "passed", "parameters": [{"name": "locator", "value": "('xpath', '//input[@placeholder=\"* Адрес: куда привезти заказ\"]')"}], "start": 1748800960760, "stop": 1748800960785}, {"name": "Ввести значение в поле ввода", "status": "passed", "parameters": [{"name": "locator", "value": "('xpath', '//input[@placeholder=\"* Адрес: куда привезти заказ\"]')"}, {"name": "keys", "value": "'Айтишников 10'"}], "start": 1748800960785, "stop": 1748800960801}, {"name": "Кликнуть на элемент", "status": "passed", "parameters": [{"name": "locator", "value": "('xpath', '//input[@placeholder=\"* Станция метро\"]')"}], "start": 1748800960801, "stop": 1748800960835}, {"name": "Ввести значение в поле ввода", "status": "passed", "parameters": [{"name": "locator", "value": "('xpath', '//input[@placeholder=\"* Станция метро\"]')"}, {"name": "keys", "value": "'Пушкинская'"}], "start": 1748800960835, "stop": 1748800960862}, {"name": "Кликнуть на элемент", "status": "passed", "parameters": [{"name": "locator", "value": "('xpath', './/li[@class=\"select-search__row\"]')"}], "start": 1748800960862, "stop": 1748800960889}, {"name": "Кликнуть на элемент", "status": "passed", "parameters": [{"name": "locator", "value": "('xpath', '//input[@placeholder=\"* Телефон: на него позвонит курьер\"]')"}], "start": 1748800960889, "stop": 1748800960914}, {"name": "Ввести значение в поле ввода", "status": "passed", "parameters": [{"name": "locator", "value": "('xpath', '//input[@placeholder=\"* Телефон: на него позвонит курьер\"]')"}, {"name": "keys", "value": "'89104512716'"}], "start": 1748800960914, "stop": 1748800960930}, {"name": "Кликнуть на элемент", "status": "passed", "parameters": [{"name": "locator", "value": "('xpath', '//button[text()=\"Далее\"]')"}], "start": 1748800960930, "stop": 1748800960954}], "parameters": [{"name": "test_data", "value": "['Леонид', 'Разработчик', 'Айтишников 10', 'Пушкинская', '89104512716', '31.12.2025', 'С нг']"}], "start": 1748800960661, "stop": 1748800960954}, {"name": "Заполнение второй части формы и окно подтверждения", "status": "passed", "steps": [{"name": "Подождать прогрузки элемента", "status": "passed", "parameters": [{"name": "locator", "value": "('xpath', '//input[@placeholder=\"* Когда привезти самокат\"]')"}], "start": 1748800960954, "stop": 1748800960962}, {"name": "Кликнуть на элемент", "status": "passed", "parameters": [{"name": "locator", "value": "('xpath', '//input[@placeholder=\"* Когда привезти самокат\"]')"}], "start": 1748800960962, "stop": 1748800960995}, {"name": "Ввести значение в поле ввода", "status": "passed", "parameters": [{"name": "locator", "value": "('xpath', '//input[@placeholder=\"* Когда привезти самокат\"]')"}, {"name": "keys", "value": "'31.12.2025'"}], "start": 1748800960995, "stop": 1748800961028}, {"name": "Кликнуть на элемент", "status": "passed", "parameters": [{"name": "locator", "value": "('xpath', '//input[@id=\"grey\"]')"}], "start": 1748800961028, "stop": 1748800961055}, {"name": "Кликнуть на элемент", "status": "passed", "parameters": [{"name": "locator", "value": "('xpath', './/div[text()=\"* Срок аренды\"]')"}], "start": 1748800961055, "stop": 1748800961077}, {"name": "Кликнуть на элемент", "status": "passed", "parameters": [{"name": "locator", "value": "('xpath', './/div[@class=\"Dropdown-menu\"]/div[text()=\"трое суток\"]')"}], "start": 1748800961077, "stop": 1748800961103}, {"name": "Кликнуть на элемент", "status": "passed", "parameters": [{"name": "locator", "value": "('xpath', '//input[@placeholder=\"Комментарий для курьера\"]')"}], "start": 1748800961103, "stop": 1748800961127}, {"name": "Ввести значение в поле ввода", "status": "passed", "parameters": [{"name": "locator", "value": "('xpath', '//input[@placeholder=\"Комментарий для курьера\"]')"}, {"name": "keys", "value": "'С нг'"}], "start": 1748800961127, "stop": 1748800961142}, {"name": "Кликнуть на элемент", "status": "passed", "parameters": [{"name": "locator", "value": "('xpath', '//div[contains(@class, \"Order_Buttons\")]/button[text()=\"Заказать\"]')"}], "start": 1748800961142, "stop": 1748800961167}, {"name": "Подождать прогрузки элемента", "status": "passed", "parameters": [{"name": "locator", "value": "('xpath', '//button[text()=\"Да\"]')"}], "start": 1748800961167, "stop": 1748800961175}, {"name": "Кликнуть на элемент", "status": "passed", "parameters": [{"name": "locator", "value": "('xpath', '//button[text()=\"Да\"]')"}], "start": 1748800961175, "stop": 1748800961194}], "parameters": [{"name": "test_data", "value": "['Леонид', 'Разработчик', 'Айтишников 10', 'Пушкинская', '89104512716', '31.12.2025', 'С нг']"}], "start": 1748800960954, "stop": 1748800961194}, {"name": "Проверить отображение кнопки \"Посмотреть статус\" после создания заказа", "status": "broken", "statusDetails": {"message": "selenium.common.exceptions.NoSuchElementException: Message: no such element: Unable to locate element: {\"method\":\"xpath\",\"selector\":\".//*[text()=\"Посмотреть статус\"]\"}\n  (Session info: chrome=136.0.7103.116); For documentation on this error, please visit: https://www.selenium.dev/documentation/webdriver/troubleshooting/errors#no-such-element-exception\nStacktrace:\n\tGetHandleVerifier [0x00007FF64724A145+76773]\n\tGetHandleVerifier [0x00007FF64724A1A0+76864]\n\t(No symbol) [0x00007FF647008F7A]\n\t(No symbol) [0x00007FF64705F496]\n\t(No symbol) [0x00007FF64705F74C]\n\t(No symbol) [0x00007FF6470B2287]\n\t(No symbol) [0x00007FF64708739F]\n\t(No symbol) [0x00007FF6470AF0CF]\n\t(No symbol) [0x00007FF647087133]\n\t(No symbol) [0x00007FF6470504D1]\n\t(No symbol) [0x00007FF647051263]\n\tGetHandleVerifier [0x00007FF64750A8ED+2962317]\n\tGetHandleVerifier [0x00007FF647504EC2+2939234]\n\tGetHandleVerifier [0x00007FF647522FF3+3062419]\n\tGetHandleVerifier [0x00007FF647264B9A+185914]\n\tGetHandleVerifier [0x00007FF64726C78F+217647]\n\tGetHandleVerifier [0x00007FF647252A44+111844]\n\tGetHandleVerifier [0x00007FF647252BF2+112274]\n\tGetHandleVerifier [0x00007FF647238A79+5401]\n\tBaseThreadInitThunk [0x00007FFE232C7374+20]\n\tRtlUserThreadStart [0x00007FFE2429CC91+33]\n\n", "trace": "  File \"C:\\Users\\Kirill\\PycharmProjects\\Practicum\\Sprint_6\\.venv\\Lib\\site-packages\\allure_commons\\_allure.py\", line 202, in impl\n    return func(*a, **kw)\n           ^^^^^^^^^^^^^^\n  File \"C:\\Users\\Kirill\\PycharmProjects\\Practicum\\Sprint_6\\pages\\order_page.py\", line 52, in check_displaying_of_button_check_status_of_order\n    return self.check_displaying_of_element(OrderPageLocators.button_check_status_of_order)\n           ^^^^^^^^^^^^^^^^^^^^^^^^^^^^^^^^^^^^^^^^^^^^^^^^^^^^^^^^^^^^^^^^^^^^^^^^^^^^^^^^\n  File \"C:\\Users\\Kirill\\PycharmProjects\\Practicum\\Sprint_6\\.venv\\Lib\\site-packages\\allure_commons\\_allure.py\", line 202, in impl\n    return func(*a, **kw)\n           ^^^^^^^^^^^^^^\n  File \"C:\\Users\\Kirill\\PycharmProjects\\Practicum\\Sprint_6\\pages\\base_page.py\", line 44, in check_displaying_of_element\n    return self.driver.find_element(*locator).is_displayed()\n           ^^^^^^^^^^^^^^^^^^^^^^^^^^^^^^^^^^\n  File \"C:\\Users\\Kirill\\PycharmProjects\\Practicum\\Sprint_6\\.venv\\Lib\\site-packages\\selenium\\webdriver\\remote\\webdriver.py\", line 917, in find_element\n    return self.execute(Command.FIND_ELEMENT, {\"using\": by, \"value\": value})[\"value\"]\n           ^^^^^^^^^^^^^^^^^^^^^^^^^^^^^^^^^^^^^^^^^^^^^^^^^^^^^^^^^^^^^^^^^\n  File \"C:\\Users\\Kirill\\PycharmProjects\\Practicum\\Sprint_6\\.venv\\Lib\\site-packages\\selenium\\webdriver\\remote\\webdriver.py\", line 448, in execute\n    self.error_handler.check_response(response)\n  File \"C:\\Users\\Kirill\\PycharmProjects\\Practicum\\Sprint_6\\.venv\\Lib\\site-packages\\selenium\\webdriver\\remote\\errorhandler.py\", line 232, in check_response\n    raise exception_class(message, screen, stacktrace)\n"}, "steps": [{"name": "Проверить отображение элемента", "status": "broken", "statusDetails": {"message": "selenium.common.exceptions.NoSuchElementException: Message: no such element: Unable to locate element: {\"method\":\"xpath\",\"selector\":\".//*[text()=\"Посмотреть статус\"]\"}\n  (Session info: chrome=136.0.7103.116); For documentation on this error, please visit: https://www.selenium.dev/documentation/webdriver/troubleshooting/errors#no-such-element-exception\nStacktrace:\n\tGetHandleVerifier [0x00007FF64724A145+76773]\n\tGetHandleVerifier [0x00007FF64724A1A0+76864]\n\t(No symbol) [0x00007FF647008F7A]\n\t(No symbol) [0x00007FF64705F496]\n\t(No symbol) [0x00007FF64705F74C]\n\t(No symbol) [0x00007FF6470B2287]\n\t(No symbol) [0x00007FF64708739F]\n\t(No symbol) [0x00007FF6470AF0CF]\n\t(No symbol) [0x00007FF647087133]\n\t(No symbol) [0x00007FF6470504D1]\n\t(No symbol) [0x00007FF647051263]\n\tGetHandleVerifier [0x00007FF64750A8ED+2962317]\n\tGetHandleVerifier [0x00007FF647504EC2+2939234]\n\tGetHandleVerifier [0x00007FF647522FF3+3062419]\n\tGetHandleVerifier [0x00007FF647264B9A+185914]\n\tGetHandleVerifier [0x00007FF64726C78F+217647]\n\tGetHandleVerifier [0x00007FF647252A44+111844]\n\tGetHandleVerifier [0x00007FF647252BF2+112274]\n\tGetHandleVerifier [0x00007FF647238A79+5401]\n\tBaseThreadInitThunk [0x00007FFE232C7374+20]\n\tRtlUserThreadStart [0x00007FFE2429CC91+33]\n\n", "trace": "  File \"C:\\Users\\Kirill\\PycharmProjects\\Practicum\\Sprint_6\\.venv\\Lib\\site-packages\\allure_commons\\_allure.py\", line 202, in impl\n    return func(*a, **kw)\n           ^^^^^^^^^^^^^^\n  File \"C:\\Users\\Kirill\\PycharmProjects\\Practicum\\Sprint_6\\pages\\base_page.py\", line 44, in check_displaying_of_element\n    return self.driver.find_element(*locator).is_displayed()\n           ^^^^^^^^^^^^^^^^^^^^^^^^^^^^^^^^^^\n  File \"C:\\Users\\Kirill\\PycharmProjects\\Practicum\\Sprint_6\\.venv\\Lib\\site-packages\\selenium\\webdriver\\remote\\webdriver.py\", line 917, in find_element\n    return self.execute(Command.FIND_ELEMENT, {\"using\": by, \"value\": value})[\"value\"]\n           ^^^^^^^^^^^^^^^^^^^^^^^^^^^^^^^^^^^^^^^^^^^^^^^^^^^^^^^^^^^^^^^^^\n  File \"C:\\Users\\Kirill\\PycharmProjects\\Practicum\\Sprint_6\\.venv\\Lib\\site-packages\\selenium\\webdriver\\remote\\webdriver.py\", line 448, in execute\n    self.error_handler.check_response(response)\n  File \"C:\\Users\\Kirill\\PycharmProjects\\Practicum\\Sprint_6\\.venv\\Lib\\site-packages\\selenium\\webdriver\\remote\\errorhandler.py\", line 232, in check_response\n    raise exception_class(message, screen, stacktrace)\n"}, "parameters": [{"name": "locator", "value": "('xpath', './/*[text()=\"Посмотреть статус\"]')"}], "start": 1748800961194, "stop": 1748800961198}], "start": 1748800961194, "stop": 1748800961199}], "parameters": [{"name": "button", "value": "('xpath', '//div[contains(@class, \"Home_FinishButton\")]/button')"}, {"name": "test_data", "value": "['Леонид', 'Разработчик', 'Айтишников 10', 'Пушкинская', '89104512716', '31.12.2025', 'С нг']"}], "start": 1748800960615, "stop": 1748800961199, "uuid": "aedba856-7c20-40a1-a2e9-6c68045743ed", "historyId": "1e700148906a051486b6cb095bf33cbb", "testCaseId": "676123171490a73bfbb737692482e4d3", "fullName": "tests.test_order_page.TestOrderPageOrder#test_order_all_fields_success", "labels": [{"name": "parentSuite", "value": "tests"}, {"name": "suite", "value": "test_order_page"}, {"name": "subSuite", "value": "TestOrderPageOrder"}, {"name": "host", "value": "DESKTOP-47CL42P"}, {"name": "thread", "value": "31384-MainThread"}, {"name": "framework", "value": "pytest"}, {"name": "language", "value": "cpython3"}, {"name": "package", "value": "tests.test_order_page"}]}